<?xml version="1.0" encoding="UTF-8"?>
<testsuite xmlns:xsi="http://www.w3.org/2001/XMLSchema-instance" xsi:noNamespaceSchemaLocation="https://maven.apache.org/surefire/maven-surefire-plugin/xsd/surefire-test-report.xsd" name="com.kaka.SecurityApplicationTests" time="34.932" tests="5" errors="0" skipped="0" failures="0">
  <properties>
[...]
</properties>
  <testcase name="getAll" classname="com.kaka.SecurityApplicationTests" time="0.905"/>
  <testcase name="addUser" classname="com.kaka.SecurityApplicationTests" time="0.094"/>
  <testcase name="aaa" classname="com.kaka.SecurityApplicationTests" time="27.996"/>
  <testcase name="ttt" classname="com.kaka.SecurityApplicationTests" time="0"/>
  <testcase name="dataSource" classname="com.kaka.SecurityApplicationTests" time="0.002"/>
</testsuite>